<?xml version="1.0" encoding="UTF-8"?>
<!-- Generated by org.testng.reporters.JUnitXMLReporter -->
<testsuite ignored="0" hostname="DESKTOP-FJ7H3QO" failures="0" tests="2" name="FirefoxBrowser_Test" time="2.481" errors="0" timestamp="2025-01-12T18:29:49 IST">
  <testcase classname="com.mystore.Testcases.loginPage_Test" name="test" time="0.0">
    <skipped/>
  </testcase> <!-- test -->
  <testcase classname="com.mystore.Testcases.loginPage_Test" name="test" time="0.0">
    <skipped/>
  </testcase> <!-- test -->
</testsuite> <!-- FirefoxBrowser_Test -->
