<?xml version="1.0" encoding="UTF-8"?>
<!-- Generated by org.testng.reporters.JUnitXMLReporter -->
<testsuite ignored="3" hostname="DESKTOP-FJ7H3QO" failures="0" tests="6" name="Test_all" time="114.447" errors="0" timestamp="2025-04-06T20:11:24 IST">
  <testcase classname="com.mystore.Testcases.addtoCart_Test" name="test" time="9.678"/>
  <testcase classname="com.mystore.Testcases.loginPage_Test" name="test" time="5.774"/>
  <testcase classname="com.mystore.Testcases.loginPage_Test" name="test" time="5.655"/>
  <testcase classname="com.mystore.Testcases.homePage_Test" name="homepage" time="5.918"/>
  <testcase classname="com.mystore.Testcases.EndToEnd_Test" name="test" time="23.327"/>
  <testcase classname="com.mystore.Testcases.EndToEnd_Test" name="test" time="23.005"/>
  <testcase classname="com.mystore.base.baseClass" name="@BeforeSuite loadconfig" time="0.0">
    <ignored/>
  </testcase> <!-- @BeforeSuite loadconfig -->
  <testcase classname="com.mystore.base.baseClass" name="@BeforeSuite loadconfig" time="0.0">
    <ignored/>
  </testcase> <!-- @BeforeSuite loadconfig -->
  <testcase classname="com.mystore.base.baseClass" name="@BeforeSuite loadconfig" time="0.0">
    <ignored/>
  </testcase> <!-- @BeforeSuite loadconfig -->
</testsuite> <!-- Test_all -->
