<?xml version="1.0" encoding="UTF-8"?>
<!-- Generated by org.testng.reporters.JUnitXMLReporter -->
<testsuite ignored="7" hostname="DESKTOP-FJ7H3QO" failures="0" tests="4" name="Test_all" time="6.47" errors="0" timestamp="2025-01-12T20:19:24 IST">
  <testcase classname="com.mystore.Testcases.addtoCart_Test" name="@BeforeMethod setup" time="3.296">
    <failure type="java.lang.NullPointerException" message="Cannot invoke &amp;quot;java.util.Properties.getProperty(String)&amp;quot; because &amp;quot;com.mystore.base.baseClass.prop&amp;quot; is null">
      <![CDATA[java.lang.NullPointerException: Cannot invoke "java.util.Properties.getProperty(String)" because "com.mystore.base.baseClass.prop" is null
at com.mystore.base.baseClass.launchapp(baseClass.java:104)
at com.mystore.Testcases.addtoCart_Test.setup(addtoCart_Test.java:30)
at java.base/java.util.ArrayList.forEach(ArrayList.java:1596)
... Removed 29 stack frames]]>
    </failure>
  </testcase> <!-- @BeforeMethod setup -->
  <testcase classname="com.mystore.Testcases.addtoCart_Test" name="@AfterMethod teardown" time="0.0">
    <skipped/>
  </testcase> <!-- @AfterMethod teardown -->
  <testcase classname="com.mystore.Testcases.loginPage_Test" name="@BeforeMethod setup" time="0.83">
    <failure type="java.lang.NullPointerException" message="Cannot invoke &amp;quot;java.util.Properties.getProperty(String)&amp;quot; because &amp;quot;com.mystore.base.baseClass.prop&amp;quot; is null">
      <![CDATA[java.lang.NullPointerException: Cannot invoke "java.util.Properties.getProperty(String)" because "com.mystore.base.baseClass.prop" is null
at com.mystore.base.baseClass.launchapp(baseClass.java:104)
at com.mystore.Testcases.loginPage_Test.setup(loginPage_Test.java:19)
at java.base/java.util.ArrayList.forEach(ArrayList.java:1596)
... Removed 29 stack frames]]>
    </failure>
  </testcase> <!-- @BeforeMethod setup -->
  <testcase classname="com.mystore.Testcases.loginPage_Test" name="@AfterMethod teardown" time="0.0">
    <skipped/>
  </testcase> <!-- @AfterMethod teardown -->
  <testcase classname="com.mystore.Testcases.loginPage_Test" name="@BeforeMethod setup" time="0.0">
    <skipped/>
  </testcase> <!-- @BeforeMethod setup -->
  <testcase classname="com.mystore.Testcases.loginPage_Test" name="@AfterMethod teardown" time="0.0">
    <skipped/>
  </testcase> <!-- @AfterMethod teardown -->
  <testcase classname="com.mystore.Testcases.homePage_Test" name="@BeforeMethod setup" time="1.061">
    <failure type="java.lang.NullPointerException" message="Cannot invoke &amp;quot;java.util.Properties.getProperty(String)&amp;quot; because &amp;quot;com.mystore.base.baseClass.prop&amp;quot; is null">
      <![CDATA[java.lang.NullPointerException: Cannot invoke "java.util.Properties.getProperty(String)" because "com.mystore.base.baseClass.prop" is null
at com.mystore.base.baseClass.launchapp(baseClass.java:104)
at com.mystore.Testcases.homePage_Test.setup(homePage_Test.java:25)
at java.base/java.util.ArrayList.forEach(ArrayList.java:1596)
... Removed 29 stack frames]]>
    </failure>
  </testcase> <!-- @BeforeMethod setup -->
  <testcase classname="com.mystore.Testcases.homePage_Test" name="@AfterMethod teardown" time="0.0">
    <skipped/>
  </testcase> <!-- @AfterMethod teardown -->
  <testcase classname="com.mystore.Testcases.addtoCart_Test" name="test" time="0.0">
    <skipped/>
  </testcase> <!-- test -->
  <testcase classname="com.mystore.Testcases.loginPage_Test" name="test" time="0.0">
    <skipped/>
  </testcase> <!-- test -->
  <testcase classname="com.mystore.Testcases.loginPage_Test" name="test" time="0.0">
    <skipped/>
  </testcase> <!-- test -->
  <testcase classname="com.mystore.Testcases.homePage_Test" name="homepage" time="0.0">
    <skipped/>
  </testcase> <!-- homepage -->
  <testcase classname="com.mystore.base.baseClass" name="@BeforeSuite loadconfig" time="0.0">
    <ignored/>
  </testcase> <!-- @BeforeSuite loadconfig -->
  <testcase classname="com.mystore.base.baseClass" name="@BeforeSuite loadconfig" time="0.0">
    <ignored/>
  </testcase> <!-- @BeforeSuite loadconfig -->
  <testcase classname="com.mystore.base.baseClass" name="@AfterSuite afterSuite" time="0.0">
    <ignored/>
  </testcase> <!-- @AfterSuite afterSuite -->
  <testcase classname="com.mystore.base.baseClass" name="@BeforeSuite loadconfig" time="0.0">
    <ignored/>
  </testcase> <!-- @BeforeSuite loadconfig -->
  <testcase classname="com.mystore.base.baseClass" name="@AfterSuite afterSuite" time="0.0">
    <ignored/>
  </testcase> <!-- @AfterSuite afterSuite -->
  <testcase classname="com.mystore.Testcases.EndToEnd_Test" name="test" time="0.0">
    <ignored/>
  </testcase> <!-- test -->
  <testcase classname="com.mystore.base.baseClass" name="@AfterSuite afterSuite" time="0.0">
    <ignored/>
  </testcase> <!-- @AfterSuite afterSuite -->
</testsuite> <!-- Test_all -->
