<?xml version="1.0" encoding="UTF-8"?>
<testng-results ignored="0" total="6" passed="6" failed="0" skipped="0">
  <reporter-output>
  </reporter-output>
  <suite started-at="2025-04-06T20:09:30 IST" name="Suite" finished-at="2025-04-06T20:11:24 IST" duration-ms="114447">
    <groups>
      <group name="Sanity">
        <method signature="EndToEnd_Test.test(java.lang.String,java.lang.String)[pri:0, instance:com.mystore.Testcases.EndToEnd_Test@6e509ffa]" name="test" class="com.mystore.Testcases.EndToEnd_Test"/>
        <method signature="addtoCart_Test.test()[pri:0, instance:com.mystore.Testcases.addtoCart_Test@6db9f5a4]" name="test" class="com.mystore.Testcases.addtoCart_Test"/>
        <method signature="homePage_Test.homepage()[pri:0, instance:com.mystore.Testcases.homePage_Test@d21a74c]" name="homepage" class="com.mystore.Testcases.homePage_Test"/>
        <method signature="loginPage_Test.test(java.lang.String,java.lang.String)[pri:0, instance:com.mystore.Testcases.loginPage_Test@7a675056]" name="test" class="com.mystore.Testcases.loginPage_Test"/>
      </group> <!-- Sanity -->
      <group name="Regression">
        <method signature="EndToEnd_Test.test(java.lang.String,java.lang.String)[pri:0, instance:com.mystore.Testcases.EndToEnd_Test@6e509ffa]" name="test" class="com.mystore.Testcases.EndToEnd_Test"/>
      </group> <!-- Regression -->
      <group name="Smoke">
        <method signature="addtoCart_Test.test()[pri:0, instance:com.mystore.Testcases.addtoCart_Test@6db9f5a4]" name="test" class="com.mystore.Testcases.addtoCart_Test"/>
        <method signature="homePage_Test.homepage()[pri:0, instance:com.mystore.Testcases.homePage_Test@d21a74c]" name="homepage" class="com.mystore.Testcases.homePage_Test"/>
        <method signature="loginPage_Test.test(java.lang.String,java.lang.String)[pri:0, instance:com.mystore.Testcases.loginPage_Test@7a675056]" name="test" class="com.mystore.Testcases.loginPage_Test"/>
      </group> <!-- Smoke -->
    </groups>
    <test started-at="2025-04-06T20:09:30 IST" name="Test_all" finished-at="2025-04-06T20:11:24 IST" duration-ms="114447">
      <class name="com.mystore.Testcases.addtoCart_Test">
        <test-method is-config="true" signature="loadconfig()[pri:0, instance:com.mystore.Testcases.addtoCart_Test@6db9f5a4]" started-at="2025-04-06T20:09:30 IST" name="loadconfig" finished-at="2025-04-06T20:09:30 IST" duration-ms="22" status="PASS">
          <reporter-output>
          </reporter-output>
        </test-method> <!-- loadconfig -->
        <test-method is-config="true" signature="setup(java.lang.String)[pri:0, instance:com.mystore.Testcases.addtoCart_Test@6db9f5a4]" started-at="2025-04-06T20:09:30 IST" name="setup" finished-at="2025-04-06T20:09:36 IST" duration-ms="6210" status="PASS">
          <params>
            <param index="0">
              <value>
                <![CDATA[Chrome]]>
              </value>
            </param>
          </params>
          <reporter-output>
          </reporter-output>
        </test-method> <!-- setup -->
        <test-method signature="test()[pri:0, instance:com.mystore.Testcases.addtoCart_Test@6db9f5a4]" started-at="2025-04-06T20:09:36 IST" name="test" finished-at="2025-04-06T20:09:46 IST" duration-ms="9678" status="PASS">
          <reporter-output>
          </reporter-output>
        </test-method> <!-- test -->
        <test-method is-config="true" signature="teardown()[pri:0, instance:com.mystore.Testcases.addtoCart_Test@6db9f5a4]" started-at="2025-04-06T20:09:46 IST" name="teardown" finished-at="2025-04-06T20:09:46 IST" duration-ms="270" status="PASS">
          <reporter-output>
          </reporter-output>
        </test-method> <!-- teardown -->
      </class> <!-- com.mystore.Testcases.addtoCart_Test -->
      <class name="com.mystore.Testcases.loginPage_Test">
        <test-method is-config="true" signature="setup(java.lang.String)[pri:0, instance:com.mystore.Testcases.loginPage_Test@7a675056]" started-at="2025-04-06T20:09:48 IST" name="setup" finished-at="2025-04-06T20:09:55 IST" duration-ms="6174" status="PASS">
          <params>
            <param index="0">
              <value>
                <![CDATA[Chrome]]>
              </value>
            </param>
          </params>
          <reporter-output>
          </reporter-output>
        </test-method> <!-- setup -->
        <test-method signature="test(java.lang.String,java.lang.String)[pri:0, instance:com.mystore.Testcases.loginPage_Test@7a675056]" started-at="2025-04-06T20:09:55 IST" name="test" data-provider="Sheet1" finished-at="2025-04-06T20:10:00 IST" duration-ms="5774" status="PASS">
          <params>
            <param index="0">
              <value>
                <![CDATA[nay@gmail.com]]>
              </value>
            </param>
            <param index="1">
              <value>
                <![CDATA[123]]>
              </value>
            </param>
          </params>
          <reporter-output>
          </reporter-output>
        </test-method> <!-- test -->
        <test-method is-config="true" signature="teardown(org.testng.ITestResult)[pri:0, instance:com.mystore.Testcases.loginPage_Test@7a675056]" started-at="2025-04-06T20:10:00 IST" name="teardown" finished-at="2025-04-06T20:10:01 IST" duration-ms="873" status="PASS">
          <params>
            <param index="0">
              <value>
                <![CDATA[[TestResult name=test status=SUCCESS method=loginPage_Test.test(java.lang.String,java.lang.String)[pri:0, instance:com.mystore.Testcases.loginPage_Test@7a675056] output={null}]]]>
              </value>
            </param>
          </params>
          <reporter-output>
          </reporter-output>
        </test-method> <!-- teardown -->
        <test-method is-config="true" signature="setup(java.lang.String)[pri:0, instance:com.mystore.Testcases.loginPage_Test@7a675056]" started-at="2025-04-06T20:10:01 IST" name="setup" finished-at="2025-04-06T20:10:07 IST" duration-ms="6163" status="PASS">
          <params>
            <param index="0">
              <value>
                <![CDATA[Chrome]]>
              </value>
            </param>
          </params>
          <reporter-output>
          </reporter-output>
        </test-method> <!-- setup -->
        <test-method signature="test(java.lang.String,java.lang.String)[pri:0, instance:com.mystore.Testcases.loginPage_Test@7a675056]" started-at="2025-04-06T20:10:07 IST" name="test" data-provider="Sheet1" finished-at="2025-04-06T20:10:13 IST" duration-ms="5655" status="PASS">
          <params>
            <param index="0">
              <value>
                <![CDATA[nay2@gmail.com]]>
              </value>
            </param>
            <param index="1">
              <value>
                <![CDATA[12345]]>
              </value>
            </param>
          </params>
          <reporter-output>
          </reporter-output>
        </test-method> <!-- test -->
        <test-method is-config="true" signature="teardown(org.testng.ITestResult)[pri:0, instance:com.mystore.Testcases.loginPage_Test@7a675056]" started-at="2025-04-06T20:10:13 IST" name="teardown" finished-at="2025-04-06T20:10:14 IST" duration-ms="1249" status="PASS">
          <params>
            <param index="0">
              <value>
                <![CDATA[[TestResult name=test status=SUCCESS method=loginPage_Test.test(java.lang.String,java.lang.String)[pri:0, instance:com.mystore.Testcases.loginPage_Test@7a675056] output={null}]]]>
              </value>
            </param>
          </params>
          <reporter-output>
          </reporter-output>
        </test-method> <!-- teardown -->
      </class> <!-- com.mystore.Testcases.loginPage_Test -->
      <class name="com.mystore.Testcases.homePage_Test">
        <test-method is-config="true" signature="setup(java.lang.String)[pri:0, instance:com.mystore.Testcases.homePage_Test@d21a74c]" started-at="2025-04-06T20:10:14 IST" name="setup" finished-at="2025-04-06T20:10:20 IST" duration-ms="6108" status="PASS">
          <params>
            <param index="0">
              <value>
                <![CDATA[Chrome]]>
              </value>
            </param>
          </params>
          <reporter-output>
          </reporter-output>
        </test-method> <!-- setup -->
        <test-method signature="homepage()[pri:0, instance:com.mystore.Testcases.homePage_Test@d21a74c]" started-at="2025-04-06T20:10:20 IST" name="homepage" finished-at="2025-04-06T20:10:26 IST" duration-ms="5918" status="PASS">
          <reporter-output>
          </reporter-output>
        </test-method> <!-- homepage -->
        <test-method is-config="true" signature="teardown()[pri:0, instance:com.mystore.Testcases.homePage_Test@d21a74c]" started-at="2025-04-06T20:10:26 IST" name="teardown" finished-at="2025-04-06T20:10:27 IST" duration-ms="988" status="PASS">
          <reporter-output>
          </reporter-output>
        </test-method> <!-- teardown -->
      </class> <!-- com.mystore.Testcases.homePage_Test -->
      <class name="com.mystore.Testcases.EndToEnd_Test">
        <test-method is-config="true" signature="setup(java.lang.String)[pri:0, instance:com.mystore.Testcases.EndToEnd_Test@6e509ffa]" started-at="2025-04-06T20:10:27 IST" name="setup" finished-at="2025-04-06T20:10:32 IST" duration-ms="4723" status="PASS">
          <params>
            <param index="0">
              <value>
                <![CDATA[Chrome]]>
              </value>
            </param>
          </params>
          <reporter-output>
          </reporter-output>
        </test-method> <!-- setup -->
        <test-method signature="test(java.lang.String,java.lang.String)[pri:0, instance:com.mystore.Testcases.EndToEnd_Test@6e509ffa]" started-at="2025-04-06T20:10:32 IST" name="test" data-provider="Sheet1" finished-at="2025-04-06T20:10:55 IST" duration-ms="23327" status="PASS">
          <params>
            <param index="0">
              <value>
                <![CDATA[nay@gmail.com]]>
              </value>
            </param>
            <param index="1">
              <value>
                <![CDATA[123]]>
              </value>
            </param>
          </params>
          <reporter-output>
          </reporter-output>
        </test-method> <!-- test -->
        <test-method is-config="true" signature="teardown()[pri:0, instance:com.mystore.Testcases.EndToEnd_Test@6e509ffa]" started-at="2025-04-06T20:10:55 IST" name="teardown" finished-at="2025-04-06T20:10:56 IST" duration-ms="303" status="PASS">
          <reporter-output>
          </reporter-output>
        </test-method> <!-- teardown -->
        <test-method is-config="true" signature="setup(java.lang.String)[pri:0, instance:com.mystore.Testcases.EndToEnd_Test@6e509ffa]" started-at="2025-04-06T20:10:56 IST" name="setup" finished-at="2025-04-06T20:11:01 IST" duration-ms="4769" status="PASS">
          <params>
            <param index="0">
              <value>
                <![CDATA[Chrome]]>
              </value>
            </param>
          </params>
          <reporter-output>
          </reporter-output>
        </test-method> <!-- setup -->
        <test-method signature="test(java.lang.String,java.lang.String)[pri:0, instance:com.mystore.Testcases.EndToEnd_Test@6e509ffa]" started-at="2025-04-06T20:11:01 IST" name="test" data-provider="Sheet1" finished-at="2025-04-06T20:11:24 IST" duration-ms="23005" status="PASS">
          <params>
            <param index="0">
              <value>
                <![CDATA[nay2@gmail.com]]>
              </value>
            </param>
            <param index="1">
              <value>
                <![CDATA[12345]]>
              </value>
            </param>
          </params>
          <reporter-output>
          </reporter-output>
        </test-method> <!-- test -->
        <test-method is-config="true" signature="teardown()[pri:0, instance:com.mystore.Testcases.EndToEnd_Test@6e509ffa]" started-at="2025-04-06T20:11:24 IST" name="teardown" finished-at="2025-04-06T20:11:24 IST" duration-ms="604" status="PASS">
          <reporter-output>
          </reporter-output>
        </test-method> <!-- teardown -->
      </class> <!-- com.mystore.Testcases.EndToEnd_Test -->
    </test> <!-- Test_all -->
  </suite> <!-- Suite -->
</testng-results>
