<?xml version="1.0" encoding="UTF-8"?>
<testng-results ignored="0" total="1" passed="1" failed="0" skipped="0">
  <reporter-output>
  </reporter-output>
  <suite started-at="2025-01-08T22:20:21 IST" name="Default suite" finished-at="2025-01-08T22:20:43 IST" duration-ms="22293">
    <groups>
    </groups>
    <test started-at="2025-01-08T22:20:21 IST" name="Default test" finished-at="2025-01-08T22:20:43 IST" duration-ms="22293">
      <class name="com.mystore.Testcases.EndToEnd_Test">
        <test-method is-config="true" signature="loadconfig()[pri:0, instance:com.mystore.Testcases.EndToEnd_Test@58ea606c]" started-at="2025-01-08T22:20:21 IST" name="loadconfig" finished-at="2025-01-08T22:20:21 IST" duration-ms="6" status="PASS">
          <reporter-output>
          </reporter-output>
        </test-method> <!-- loadconfig -->
        <test-method is-config="true" signature="seup()[pri:0, instance:com.mystore.Testcases.EndToEnd_Test@58ea606c]" started-at="2025-01-08T22:20:21 IST" name="seup" finished-at="2025-01-08T22:20:27 IST" duration-ms="6145" status="PASS">
          <reporter-output>
          </reporter-output>
        </test-method> <!-- seup -->
        <test-method signature="test()[pri:0, instance:com.mystore.Testcases.EndToEnd_Test@58ea606c]" started-at="2025-01-08T22:20:27 IST" name="test" finished-at="2025-01-08T22:20:43 IST" duration-ms="15794" status="PASS">
          <reporter-output>
          </reporter-output>
        </test-method> <!-- test -->
        <test-method is-config="true" signature="teardown()[pri:0, instance:com.mystore.Testcases.EndToEnd_Test@58ea606c]" started-at="2025-01-08T22:20:43 IST" name="teardown" finished-at="2025-01-08T22:20:43 IST" duration-ms="319" status="PASS">
          <reporter-output>
          </reporter-output>
        </test-method> <!-- teardown -->
      </class> <!-- com.mystore.Testcases.EndToEnd_Test -->
    </test> <!-- Default test -->
  </suite> <!-- Default suite -->
</testng-results>
